# JRE version: OpenJDK Runtime Environment (17.0.7) (build 17.0.7+0-b2043.56-10550314)
# Java VM: OpenJDK 64-Bit Server VM (17.0.7+0-b2043.56-10550314, mixed mode, tiered, compressed oops, compressed class ptrs, g1 gc, windows-amd64)
GC Precious Log:
 CPUs: 8 total, 8 available
 Memory: 20263M
 Large Page Support: Disabled
 NUMA Support: Disabled
 Compressed Oops: Enabled (Zero based)
 Heap Region Size: 4M
 Heap Min Capacity: 8M
 Heap Initial Capacity: 320M
 Heap Max Capacity: 4608M
 Pre-touch: Disabled
 Parallel Workers: 8
 Concurrent Workers: 2
 Concurrent Refinement Workers: 8
 Periodic GC: Disabled
Heap:
 garbage-first heap   total 364544K, used 206565K [0x00000006e0000000, 0x0000000800000000)
  region size 4096K, 10 young (40960K), 1 survivors (4096K)
 Metaspace       used 123706K, committed 124544K, reserved 1179648K
  class space    used 16967K, committed 17408K, reserved 1048576K
GC Heap History (20 events):
Event: 10.444 GC heap before
{Heap before GC invocations=23 (full 0):
 garbage-first heap   total 303104K, used 202326K [0x00000006e0000000, 0x0000000800000000)
  region size 4096K, 33 young (135168K), 5 survivors (20480K)
 Metaspace       used 100403K, committed 101056K, reserved 1179648K
  class space    used 13752K, committed 14016K, reserved 1048576K
}
Event: 10.460 GC heap after
{Heap after GC invocations=24 (full 0):
 garbage-first heap   total 303104K, used 106160K [0x00000006e0000000, 0x0000000800000000)
  region size 4096K, 5 young (20480K), 5 survivors (20480K)
 Metaspace       used 100403K, committed 101056K, reserved 1179648K
  class space    used 13752K, committed 14016K, reserved 1048576K
}
Event: 11.412 GC heap before
{Heap before GC invocations=25 (full 0):
 garbage-first heap   total 303104K, used 233136K [0x00000006e0000000, 0x0000000800000000)
  region size 4096K, 36 young (147456K), 5 survivors (20480K)
 Metaspace       used 103587K, committed 104320K, reserved 1179648K
  class space    used 14217K, committed 14528K, reserved 1048576K
}
Event: 11.432 GC heap after
{Heap after GC invocations=26 (full 0):
 garbage-first heap   total 303104K, used 118253K [0x00000006e0000000, 0x0000000800000000)
  region size 4096K, 3 young (12288K), 3 survivors (12288K)
 Metaspace       used 103587K, committed 104320K, reserved 1179648K
  class space    used 14217K, committed 14528K, reserved 1048576K
}
Event: 12.066 GC heap before
{Heap before GC invocations=27 (full 0):
 garbage-first heap   total 303104K, used 232941K [0x00000006e0000000, 0x0000000800000000)
  region size 4096K, 32 young (131072K), 3 survivors (12288K)
 Metaspace       used 104283K, committed 105024K, reserved 1179648K
  class space    used 14273K, committed 14656K, reserved 1048576K
}
Event: 12.077 GC heap after
{Heap after GC invocations=28 (full 0):
 garbage-first heap   total 303104K, used 126398K [0x00000006e0000000, 0x0000000800000000)
  region size 4096K, 3 young (12288K), 3 survivors (12288K)
 Metaspace       used 104283K, committed 105024K, reserved 1179648K
  class space    used 14273K, committed 14656K, reserved 1048576K
}
Event: 12.599 GC heap before
{Heap before GC invocations=28 (full 0):
 garbage-first heap   total 303104K, used 236990K [0x00000006e0000000, 0x0000000800000000)
  region size 4096K, 30 young (122880K), 3 survivors (12288K)
 Metaspace       used 104807K, committed 105536K, reserved 1179648K
  class space    used 14341K, committed 14720K, reserved 1048576K
}
Event: 12.611 GC heap after
{Heap after GC invocations=29 (full 0):
 garbage-first heap   total 303104K, used 132615K [0x00000006e0000000, 0x0000000800000000)
  region size 4096K, 3 young (12288K), 3 survivors (12288K)
 Metaspace       used 104807K, committed 105536K, reserved 1179648K
  class space    used 14341K, committed 14720K, reserved 1048576K
}
Event: 13.758 GC heap before
{Heap before GC invocations=29 (full 0):
 garbage-first heap   total 303104K, used 235015K [0x00000006e0000000, 0x0000000800000000)
  region size 4096K, 28 young (114688K), 3 survivors (12288K)
 Metaspace       used 108658K, committed 109376K, reserved 1179648K
  class space    used 14824K, committed 15168K, reserved 1048576K
}
Event: 13.770 GC heap after
{Heap after GC invocations=30 (full 0):
 garbage-first heap   total 303104K, used 138489K [0x00000006e0000000, 0x0000000800000000)
  region size 4096K, 4 young (16384K), 4 survivors (16384K)
 Metaspace       used 108658K, committed 109376K, reserved 1179648K
  class space    used 14824K, committed 15168K, reserved 1048576K
}
Event: 16.166 GC heap before
{Heap before GC invocations=30 (full 0):
 garbage-first heap   total 303104K, used 236793K [0x00000006e0000000, 0x0000000800000000)
  region size 4096K, 29 young (118784K), 4 survivors (16384K)
 Metaspace       used 109009K, committed 109824K, reserved 1179648K
  class space    used 14873K, committed 15232K, reserved 1048576K
}
Event: 16.208 GC heap after
{Heap after GC invocations=31 (full 0):
 garbage-first heap   total 364544K, used 143132K [0x00000006e0000000, 0x0000000800000000)
  region size 4096K, 4 young (16384K), 4 survivors (16384K)
 Metaspace       used 109009K, committed 109824K, reserved 1179648K
  class space    used 14873K, committed 15232K, reserved 1048576K
}
Event: 25.796 GC heap before
{Heap before GC invocations=31 (full 0):
 garbage-first heap   total 364544K, used 290588K [0x00000006e0000000, 0x0000000800000000)
  region size 4096K, 41 young (167936K), 4 survivors (16384K)
 Metaspace       used 109934K, committed 110720K, reserved 1179648K
  class space    used 14991K, committed 15360K, reserved 1048576K
}
Event: 25.852 GC heap after
{Heap after GC invocations=32 (full 0):
 garbage-first heap   total 364544K, used 156853K [0x00000006e0000000, 0x0000000800000000)
  region size 4096K, 6 young (24576K), 6 survivors (24576K)
 Metaspace       used 109934K, committed 110720K, reserved 1179648K
  class space    used 14991K, committed 15360K, reserved 1048576K
}
Event: 28.011 GC heap before
{Heap before GC invocations=32 (full 0):
 garbage-first heap   total 364544K, used 287925K [0x00000006e0000000, 0x0000000800000000)
  region size 4096K, 39 young (159744K), 6 survivors (24576K)
 Metaspace       used 110098K, committed 110912K, reserved 1179648K
  class space    used 15013K, committed 15424K, reserved 1048576K
}
Event: 28.081 GC heap after
{Heap after GC invocations=33 (full 0):
 garbage-first heap   total 364544K, used 170661K [0x00000006e0000000, 0x0000000800000000)
  region size 4096K, 4 young (16384K), 4 survivors (16384K)
 Metaspace       used 110098K, committed 110912K, reserved 1179648K
  class space    used 15013K, committed 15424K, reserved 1048576K
}
Event: 31.126 GC heap before
{Heap before GC invocations=33 (full 0):
 garbage-first heap   total 364544K, used 285349K [0x00000006e0000000, 0x0000000800000000)
  region size 4096K, 33 young (135168K), 4 survivors (16384K)
 Metaspace       used 111764K, committed 112640K, reserved 1179648K
  class space    used 15246K, committed 15680K, reserved 1048576K
}
Event: 31.158 GC heap after
{Heap after GC invocations=34 (full 0):
 garbage-first heap   total 364544K, used 176101K [0x00000006e0000000, 0x0000000800000000)
  region size 4096K, 4 young (16384K), 4 survivors (16384K)
 Metaspace       used 111764K, committed 112640K, reserved 1179648K
  class space    used 15246K, committed 15680K, reserved 1048576K
}
Event: 34.096 GC heap before
{Heap before GC invocations=34 (full 0):
 garbage-first heap   total 364544K, used 282597K [0x00000006e0000000, 0x0000000800000000)
  region size 4096K, 31 young (126976K), 4 survivors (16384K)
 Metaspace       used 123550K, committed 124416K, reserved 1179648K
  class space    used 16950K, committed 17408K, reserved 1048576K
}
Event: 34.112 GC heap after
{Heap after GC invocations=35 (full 0):
 garbage-first heap   total 364544K, used 177893K [0x00000006e0000000, 0x0000000800000000)
  region size 4096K, 1 young (4096K), 1 survivors (4096K)
 Metaspace       used 123550K, committed 124416K, reserved 1179648K
  class space    used 16950K, committed 17408K, reserved 1048576K
}

