# JRE version: OpenJDK Runtime Environment (17.0.7) (build 17.0.7+0-b2043.56-10550314)
# Java VM: OpenJDK 64-Bit Server VM (17.0.7+0-b2043.56-10550314, mixed mode, tiered, compressed oops, compressed class ptrs, g1 gc, windows-amd64)
GC Precious Log:
 CPUs: 8 total, 8 available
 Memory: 20263M
 Large Page Support: Disabled
 NUMA Support: Disabled
 Compressed Oops: Enabled (Zero based)
 Heap Region Size: 4M
 Heap Min Capacity: 8M
 Heap Initial Capacity: 320M
 Heap Max Capacity: 4608M
 Pre-touch: Disabled
 Parallel Workers: 8
 Concurrent Workers: 2
 Concurrent Refinement Workers: 8
 Periodic GC: Disabled
Heap:
 garbage-first heap   total 327680K, used 252936K [0x00000006e0000000, 0x0000000800000000)
  region size 4096K, 22 young (90112K), 2 survivors (8192K)
 Metaspace       used 128677K, committed 129536K, reserved 1179648K
  class space    used 17749K, committed 18176K, reserved 1048576K
GC Heap History (20 events):
Event: 24.052 GC heap before
{Heap before GC invocations=46 (full 0):
 garbage-first heap   total 270336K, used 213711K [0x00000006e0000000, 0x0000000800000000)
  region size 4096K, 24 young (98304K), 3 survivors (12288K)
 Metaspace       used 108606K, committed 109376K, reserved 1179648K
  class space    used 14788K, committed 15168K, reserved 1048576K
}
Event: 24.061 GC heap after
{Heap after GC invocations=47 (full 0):
 garbage-first heap   total 270336K, used 133662K [0x00000006e0000000, 0x0000000800000000)
  region size 4096K, 2 young (8192K), 2 survivors (8192K)
 Metaspace       used 108606K, committed 109376K, reserved 1179648K
  class space    used 14788K, committed 15168K, reserved 1048576K
}
Event: 25.395 GC heap before
{Heap before GC invocations=47 (full 0):
 garbage-first heap   total 270336K, used 219678K [0x00000006e0000000, 0x0000000800000000)
  region size 4096K, 23 young (94208K), 2 survivors (8192K)
 Metaspace       used 108958K, committed 109696K, reserved 1179648K
  class space    used 14842K, committed 15232K, reserved 1048576K
}
Event: 25.403 GC heap after
{Heap after GC invocations=48 (full 0):
 garbage-first heap   total 270336K, used 138246K [0x00000006e0000000, 0x0000000800000000)
  region size 4096K, 2 young (8192K), 2 survivors (8192K)
 Metaspace       used 108958K, committed 109696K, reserved 1179648K
  class space    used 14842K, committed 15232K, reserved 1048576K
}
Event: 41.329 GC heap before
{Heap before GC invocations=49 (full 0):
 garbage-first heap   total 270336K, used 211974K [0x00000006e0000000, 0x0000000800000000)
  region size 4096K, 21 young (86016K), 2 survivors (8192K)
 Metaspace       used 109236K, committed 110016K, reserved 1179648K
  class space    used 14883K, committed 15296K, reserved 1048576K
}
Event: 41.359 GC heap after
{Heap after GC invocations=50 (full 0):
 garbage-first heap   total 270336K, used 140779K [0x00000006e0000000, 0x0000000800000000)
  region size 4096K, 3 young (12288K), 3 survivors (12288K)
 Metaspace       used 109236K, committed 110016K, reserved 1179648K
  class space    used 14883K, committed 15296K, reserved 1048576K
}
Event: 51.643 GC heap before
{Heap before GC invocations=50 (full 0):
 garbage-first heap   total 270336K, used 214507K [0x00000006e0000000, 0x0000000800000000)
  region size 4096K, 21 young (86016K), 3 survivors (12288K)
 Metaspace       used 110015K, committed 110784K, reserved 1179648K
  class space    used 14985K, committed 15360K, reserved 1048576K
}
Event: 51.680 GC heap after
{Heap after GC invocations=51 (full 0):
 garbage-first heap   total 270336K, used 147885K [0x00000006e0000000, 0x0000000800000000)
  region size 4096K, 3 young (12288K), 3 survivors (12288K)
 Metaspace       used 110015K, committed 110784K, reserved 1179648K
  class space    used 14985K, committed 15360K, reserved 1048576K
}
Event: 54.790 GC heap before
{Heap before GC invocations=52 (full 0):
 garbage-first heap   total 282624K, used 217517K [0x00000006e0000000, 0x0000000800000000)
  region size 4096K, 20 young (81920K), 3 survivors (12288K)
 Metaspace       used 110478K, committed 111232K, reserved 1179648K
  class space    used 15043K, committed 15424K, reserved 1048576K
}
Event: 54.852 GC heap after
{Heap after GC invocations=53 (full 0):
 garbage-first heap   total 282624K, used 157167K [0x00000006e0000000, 0x0000000800000000)
  region size 4096K, 3 young (12288K), 3 survivors (12288K)
 Metaspace       used 110478K, committed 111232K, reserved 1179648K
  class space    used 15043K, committed 15424K, reserved 1048576K
}
Event: 55.417 GC heap before
{Heap before GC invocations=53 (full 0):
 garbage-first heap   total 282624K, used 222703K [0x00000006e0000000, 0x0000000800000000)
  region size 4096K, 20 young (81920K), 3 survivors (12288K)
 Metaspace       used 110499K, committed 111232K, reserved 1179648K
  class space    used 15045K, committed 15424K, reserved 1048576K
}
Event: 55.428 GC heap after
{Heap after GC invocations=54 (full 0):
 garbage-first heap   total 282624K, used 161652K [0x00000006e0000000, 0x0000000800000000)
  region size 4096K, 2 young (8192K), 2 survivors (8192K)
 Metaspace       used 110499K, committed 111232K, reserved 1179648K
  class space    used 15045K, committed 15424K, reserved 1048576K
}
Event: 55.931 GC heap before
{Heap before GC invocations=55 (full 0):
 garbage-first heap   total 327680K, used 223092K [0x00000006e0000000, 0x0000000800000000)
  region size 4096K, 17 young (69632K), 2 survivors (8192K)
 Metaspace       used 110627K, committed 111488K, reserved 1179648K
  class space    used 15062K, committed 15488K, reserved 1048576K
}
Event: 55.940 GC heap after
{Heap after GC invocations=56 (full 0):
 garbage-first heap   total 327680K, used 162746K [0x00000006e0000000, 0x0000000800000000)
  region size 4096K, 2 young (8192K), 2 survivors (8192K)
 Metaspace       used 110627K, committed 111488K, reserved 1179648K
  class space    used 15062K, committed 15488K, reserved 1048576K
}
Event: 56.703 GC heap before
{Heap before GC invocations=56 (full 0):
 garbage-first heap   total 327680K, used 256954K [0x00000006e0000000, 0x0000000800000000)
  region size 4096K, 26 young (106496K), 2 survivors (8192K)
 Metaspace       used 111154K, committed 112000K, reserved 1179648K
  class space    used 15122K, committed 15552K, reserved 1048576K
}
Event: 56.712 GC heap after
{Heap after GC invocations=57 (full 0):
 garbage-first heap   total 327680K, used 173802K [0x00000006e0000000, 0x0000000800000000)
  region size 4096K, 4 young (16384K), 4 survivors (16384K)
 Metaspace       used 111154K, committed 112000K, reserved 1179648K
  class space    used 15122K, committed 15552K, reserved 1048576K
}
Event: 57.796 GC heap before
{Heap before GC invocations=58 (full 0):
 garbage-first heap   total 327680K, used 259818K [0x00000006e0000000, 0x0000000800000000)
  region size 4096K, 26 young (106496K), 4 survivors (16384K)
 Metaspace       used 118230K, committed 119040K, reserved 1179648K
  class space    used 16128K, committed 16512K, reserved 1048576K
}
Event: 57.803 GC heap after
{Heap after GC invocations=59 (full 0):
 garbage-first heap   total 327680K, used 176667K [0x00000006e0000000, 0x0000000800000000)
  region size 4096K, 1 young (4096K), 1 survivors (4096K)
 Metaspace       used 118230K, committed 119040K, reserved 1179648K
  class space    used 16128K, committed 16512K, reserved 1048576K
}
Event: 58.658 GC heap before
{Heap before GC invocations=59 (full 0):
 garbage-first heap   total 327680K, used 266779K [0x00000006e0000000, 0x0000000800000000)
  region size 4096K, 23 young (94208K), 1 survivors (4096K)
 Metaspace       used 124308K, committed 125120K, reserved 1179648K
  class space    used 17022K, committed 17408K, reserved 1048576K
}
Event: 58.663 GC heap after
{Heap after GC invocations=60 (full 0):
 garbage-first heap   total 327680K, used 179208K [0x00000006e0000000, 0x0000000800000000)
  region size 4096K, 2 young (8192K), 2 survivors (8192K)
 Metaspace       used 124308K, committed 125120K, reserved 1179648K
  class space    used 17022K, committed 17408K, reserved 1048576K
}

