# JRE version: OpenJDK Runtime Environment (17.0.7) (build 17.0.7+0-b2043.56-10550314)
# Java VM: OpenJDK 64-Bit Server VM (17.0.7+0-b2043.56-10550314, mixed mode, tiered, compressed oops, compressed class ptrs, g1 gc, windows-amd64)
GC Precious Log:
 CPUs: 8 total, 8 available
 Memory: 20263M
 Large Page Support: Disabled
 NUMA Support: Disabled
 Compressed Oops: Enabled (Zero based)
 Heap Region Size: 4M
 Heap Min Capacity: 8M
 Heap Initial Capacity: 320M
 Heap Max Capacity: 4608M
 Pre-touch: Disabled
 Parallel Workers: 8
 Concurrent Workers: 2
 Concurrent Refinement Workers: 8
 Periodic GC: Disabled
Heap:
 garbage-first heap   total 651264K, used 454550K [0x00000006e0000000, 0x0000000800000000)
  region size 4096K, 32 young (131072K), 5 survivors (20480K)
 Metaspace       used 173952K, committed 175040K, reserved 1245184K
  class space    used 22829K, committed 23360K, reserved 1048576K
GC Heap History (20 events):
Event: 3549.469 GC heap before
{Heap before GC invocations=86 (full 0):
 garbage-first heap   total 450560K, used 384793K [0x00000006e0000000, 0x0000000800000000)
  region size 4096K, 15 young (61440K), 1 survivors (4096K)
 Metaspace       used 171030K, committed 171968K, reserved 1245184K
  class space    used 22462K, committed 22912K, reserved 1048576K
}
Event: 3549.474 GC heap after
{Heap after GC invocations=87 (full 0):
 garbage-first heap   total 450560K, used 328070K [0x00000006e0000000, 0x0000000800000000)
  region size 4096K, 1 young (4096K), 1 survivors (4096K)
 Metaspace       used 171030K, committed 171968K, reserved 1245184K
  class space    used 22462K, committed 22912K, reserved 1048576K
}
Event: 3549.820 GC heap before
{Heap before GC invocations=87 (full 0):
 garbage-first heap   total 450560K, used 389510K [0x00000006e0000000, 0x0000000800000000)
  region size 4096K, 16 young (65536K), 1 survivors (4096K)
 Metaspace       used 171308K, committed 172352K, reserved 1245184K
  class space    used 22483K, committed 22976K, reserved 1048576K
}
Event: 3549.826 GC heap after
{Heap after GC invocations=88 (full 0):
 garbage-first heap   total 450560K, used 329416K [0x00000006e0000000, 0x0000000800000000)
  region size 4096K, 2 young (8192K), 2 survivors (8192K)
 Metaspace       used 171308K, committed 172352K, reserved 1245184K
  class space    used 22483K, committed 22976K, reserved 1048576K
}
Event: 3550.019 GC heap before
{Heap before GC invocations=88 (full 0):
 garbage-first heap   total 450560K, used 382664K [0x00000006e0000000, 0x0000000800000000)
  region size 4096K, 16 young (65536K), 2 survivors (8192K)
 Metaspace       used 171425K, committed 172480K, reserved 1245184K
  class space    used 22483K, committed 22976K, reserved 1048576K
}
Event: 3550.026 GC heap after
{Heap after GC invocations=89 (full 0):
 garbage-first heap   total 450560K, used 332546K [0x00000006e0000000, 0x0000000800000000)
  region size 4096K, 2 young (8192K), 2 survivors (8192K)
 Metaspace       used 171425K, committed 172480K, reserved 1245184K
  class space    used 22483K, committed 22976K, reserved 1048576K
}
Event: 3550.269 GC heap before
{Heap before GC invocations=89 (full 0):
 garbage-first heap   total 450560K, used 389890K [0x00000006e0000000, 0x0000000800000000)
  region size 4096K, 16 young (65536K), 2 survivors (8192K)
 Metaspace       used 171457K, committed 172480K, reserved 1245184K
  class space    used 22483K, committed 22976K, reserved 1048576K
}
Event: 3550.275 GC heap after
{Heap after GC invocations=90 (full 0):
 garbage-first heap   total 540672K, used 332014K [0x00000006e0000000, 0x0000000800000000)
  region size 4096K, 1 young (4096K), 1 survivors (4096K)
 Metaspace       used 171457K, committed 172480K, reserved 1245184K
  class space    used 22483K, committed 22976K, reserved 1048576K
}
Event: 3550.804 GC heap before
{Heap before GC invocations=90 (full 0):
 garbage-first heap   total 540672K, used 458990K [0x00000006e0000000, 0x0000000800000000)
  region size 4096K, 32 young (131072K), 1 survivors (4096K)
 Metaspace       used 171559K, committed 172608K, reserved 1245184K
  class space    used 22494K, committed 22976K, reserved 1048576K
}
Event: 3550.810 GC heap after
{Heap after GC invocations=91 (full 0):
 garbage-first heap   total 540672K, used 335749K [0x00000006e0000000, 0x0000000800000000)
  region size 4096K, 2 young (8192K), 2 survivors (8192K)
 Metaspace       used 171559K, committed 172608K, reserved 1245184K
  class space    used 22494K, committed 22976K, reserved 1048576K
}
Event: 3551.197 GC heap before
{Heap before GC invocations=91 (full 0):
 garbage-first heap   total 540672K, used 458629K [0x00000006e0000000, 0x0000000800000000)
  region size 4096K, 32 young (131072K), 2 survivors (8192K)
 Metaspace       used 171648K, committed 172672K, reserved 1245184K
  class space    used 22505K, committed 22976K, reserved 1048576K
}
Event: 3551.204 GC heap after
{Heap after GC invocations=92 (full 0):
 garbage-first heap   total 540672K, used 340632K [0x00000006e0000000, 0x0000000800000000)
  region size 4096K, 3 young (12288K), 3 survivors (12288K)
 Metaspace       used 171648K, committed 172672K, reserved 1245184K
  class space    used 22505K, committed 22976K, reserved 1048576K
}
Event: 3551.541 GC heap before
{Heap before GC invocations=92 (full 0):
 garbage-first heap   total 540672K, used 463512K [0x00000006e0000000, 0x0000000800000000)
  region size 4096K, 33 young (135168K), 3 survivors (12288K)
 Metaspace       used 171684K, committed 172672K, reserved 1245184K
  class space    used 22511K, committed 22976K, reserved 1048576K
}
Event: 3551.549 GC heap after
{Heap after GC invocations=93 (full 0):
 garbage-first heap   total 540672K, used 339874K [0x00000006e0000000, 0x0000000800000000)
  region size 4096K, 3 young (12288K), 3 survivors (12288K)
 Metaspace       used 171684K, committed 172672K, reserved 1245184K
  class space    used 22511K, committed 22976K, reserved 1048576K
}
Event: 3551.829 GC heap before
{Heap before GC invocations=93 (full 0):
 garbage-first heap   total 540672K, used 458658K [0x00000006e0000000, 0x0000000800000000)
  region size 4096K, 33 young (135168K), 3 survivors (12288K)
 Metaspace       used 172482K, committed 173504K, reserved 1245184K
  class space    used 22643K, committed 23104K, reserved 1048576K
}
Event: 3551.839 GC heap after
{Heap after GC invocations=94 (full 0):
 garbage-first heap   total 540672K, used 340402K [0x00000006e0000000, 0x0000000800000000)
  region size 4096K, 3 young (12288K), 3 survivors (12288K)
 Metaspace       used 172482K, committed 173504K, reserved 1245184K
  class space    used 22643K, committed 23104K, reserved 1048576K
}
Event: 3552.189 GC heap before
{Heap before GC invocations=94 (full 0):
 garbage-first heap   total 540672K, used 467378K [0x00000006e0000000, 0x0000000800000000)
  region size 4096K, 34 young (139264K), 3 survivors (12288K)
 Metaspace       used 173770K, committed 174784K, reserved 1245184K
  class space    used 22825K, committed 23360K, reserved 1048576K
}
Event: 3552.201 GC heap after
{Heap after GC invocations=95 (full 0):
 garbage-first heap   total 651264K, used 344760K [0x00000006e0000000, 0x0000000800000000)
  region size 4096K, 4 young (16384K), 4 survivors (16384K)
 Metaspace       used 173770K, committed 174784K, reserved 1245184K
  class space    used 22825K, committed 23360K, reserved 1048576K
}
Event: 3553.029 GC heap before
{Heap before GC invocations=95 (full 0):
 garbage-first heap   total 651264K, used 557752K [0x00000006e0000000, 0x0000000800000000)
  region size 4096K, 57 young (233472K), 4 survivors (16384K)
 Metaspace       used 173927K, committed 175040K, reserved 1245184K
  class space    used 22829K, committed 23360K, reserved 1048576K
}
Event: 3553.043 GC heap after
{Heap after GC invocations=96 (full 0):
 garbage-first heap   total 651264K, used 348054K [0x00000006e0000000, 0x0000000800000000)
  region size 4096K, 5 young (20480K), 5 survivors (20480K)
 Metaspace       used 173927K, committed 175040K, reserved 1245184K
  class space    used 22829K, committed 23360K, reserved 1048576K
}

