# JRE version: OpenJDK Runtime Environment (17.0.7) (build 17.0.7+0-b2043.56-10550314)
# Java VM: OpenJDK 64-Bit Server VM (17.0.7+0-b2043.56-10550314, mixed mode, tiered, compressed oops, compressed class ptrs, g1 gc, windows-amd64)
GC Precious Log:
 CPUs: 8 total, 8 available
 Memory: 20263M
 Large Page Support: Disabled
 NUMA Support: Disabled
 Compressed Oops: Enabled (Zero based)
 Heap Region Size: 4M
 Heap Min Capacity: 8M
 Heap Initial Capacity: 320M
 Heap Max Capacity: 4608M
 Pre-touch: Disabled
 Parallel Workers: 8
 Concurrent Workers: 2
 Concurrent Refinement Workers: 8
 Periodic GC: Disabled
Heap:
 garbage-first heap   total 327680K, used 138660K [0x00000006e0000000, 0x0000000800000000)
  region size 4096K, 3 young (12288K), 3 survivors (12288K)
 Metaspace       used 105151K, committed 105856K, reserved 1179648K
  class space    used 14326K, committed 14656K, reserved 1048576K
GC Heap History (20 events):
Event: 21.989 GC heap after
{Heap after GC invocations=32 (full 0):
 garbage-first heap   total 192512K, used 97453K [0x00000006e0000000, 0x0000000800000000)
  region size 4096K, 3 young (12288K), 3 survivors (12288K)
 Metaspace       used 99626K, committed 100288K, reserved 1179648K
  class space    used 13688K, committed 14016K, reserved 1048576K
}
Event: 24.247 GC heap before
{Heap before GC invocations=32 (full 0):
 garbage-first heap   total 192512K, used 150701K [0x00000006e0000000, 0x0000000800000000)
  region size 4096K, 17 young (69632K), 3 survivors (12288K)
 Metaspace       used 103284K, committed 104064K, reserved 1179648K
  class space    used 14164K, committed 14528K, reserved 1048576K
}
Event: 24.276 GC heap after
{Heap after GC invocations=33 (full 0):
 garbage-first heap   total 192512K, used 106552K [0x00000006e0000000, 0x0000000800000000)
  region size 4096K, 3 young (12288K), 3 survivors (12288K)
 Metaspace       used 103284K, committed 104064K, reserved 1179648K
  class space    used 14164K, committed 14528K, reserved 1048576K
}
Event: 24.966 GC heap before
{Heap before GC invocations=33 (full 0):
 garbage-first heap   total 192512K, used 151608K [0x00000006e0000000, 0x0000000800000000)
  region size 4096K, 14 young (57344K), 3 survivors (12288K)
 Metaspace       used 103518K, committed 104192K, reserved 1179648K
  class space    used 14204K, committed 14528K, reserved 1048576K
}
Event: 24.994 GC heap after
{Heap after GC invocations=34 (full 0):
 garbage-first heap   total 192512K, used 111379K [0x00000006e0000000, 0x0000000800000000)
  region size 4096K, 2 young (8192K), 2 survivors (8192K)
 Metaspace       used 103518K, committed 104192K, reserved 1179648K
  class space    used 14204K, committed 14528K, reserved 1048576K
}
Event: 25.964 GC heap before
{Heap before GC invocations=35 (full 0):
 garbage-first heap   total 204800K, used 152339K [0x00000006e0000000, 0x0000000800000000)
  region size 4096K, 12 young (49152K), 2 survivors (8192K)
 Metaspace       used 103695K, committed 104448K, reserved 1179648K
  class space    used 14205K, committed 14592K, reserved 1048576K
}
Event: 25.977 GC heap after
{Heap after GC invocations=36 (full 0):
 garbage-first heap   total 204800K, used 113324K [0x00000006e0000000, 0x0000000800000000)
  region size 4096K, 1 young (4096K), 1 survivors (4096K)
 Metaspace       used 103695K, committed 104448K, reserved 1179648K
  class space    used 14205K, committed 14592K, reserved 1048576K
}
Event: 26.060 GC heap before
{Heap before GC invocations=36 (full 0):
 garbage-first heap   total 204800K, used 117420K [0x00000006e0000000, 0x0000000800000000)
  region size 4096K, 2 young (8192K), 1 survivors (4096K)
 Metaspace       used 103711K, committed 104512K, reserved 1179648K
  class space    used 14205K, committed 14592K, reserved 1048576K
}
Event: 26.080 GC heap after
{Heap after GC invocations=37 (full 0):
 garbage-first heap   total 262144K, used 111895K [0x00000006e0000000, 0x0000000800000000)
  region size 4096K, 1 young (4096K), 1 survivors (4096K)
 Metaspace       used 103711K, committed 104512K, reserved 1179648K
  class space    used 14205K, committed 14592K, reserved 1048576K
}
Event: 28.672 GC heap before
{Heap before GC invocations=37 (full 0):
 garbage-first heap   total 262144K, used 202007K [0x00000006e0000000, 0x0000000800000000)
  region size 4096K, 24 young (98304K), 1 survivors (4096K)
 Metaspace       used 104326K, committed 105024K, reserved 1179648K
  class space    used 14255K, committed 14592K, reserved 1048576K
}
Event: 28.694 GC heap after
{Heap after GC invocations=38 (full 0):
 garbage-first heap   total 262144K, used 118473K [0x00000006e0000000, 0x0000000800000000)
  region size 4096K, 3 young (12288K), 3 survivors (12288K)
 Metaspace       used 104326K, committed 105024K, reserved 1179648K
  class space    used 14255K, committed 14592K, reserved 1048576K
}
Event: 30.492 GC heap before
{Heap before GC invocations=38 (full 0):
 garbage-first heap   total 262144K, used 200393K [0x00000006e0000000, 0x0000000800000000)
  region size 4096K, 24 young (98304K), 3 survivors (12288K)
 Metaspace       used 104649K, committed 105344K, reserved 1179648K
  class space    used 14288K, committed 14656K, reserved 1048576K
}
Event: 30.513 GC heap after
{Heap after GC invocations=39 (full 0):
 garbage-first heap   total 262144K, used 124005K [0x00000006e0000000, 0x0000000800000000)
  region size 4096K, 2 young (8192K), 2 survivors (8192K)
 Metaspace       used 104649K, committed 105344K, reserved 1179648K
  class space    used 14288K, committed 14656K, reserved 1048576K
}
Event: 31.931 GC heap before
{Heap before GC invocations=39 (full 0):
 garbage-first heap   total 262144K, used 201829K [0x00000006e0000000, 0x0000000800000000)
  region size 4096K, 22 young (90112K), 2 survivors (8192K)
 Metaspace       used 104859K, committed 105600K, reserved 1179648K
  class space    used 14307K, committed 14656K, reserved 1048576K
}
Event: 31.945 GC heap after
{Heap after GC invocations=40 (full 0):
 garbage-first heap   total 262144K, used 127690K [0x00000006e0000000, 0x0000000800000000)
  region size 4096K, 2 young (8192K), 2 survivors (8192K)
 Metaspace       used 104859K, committed 105600K, reserved 1179648K
  class space    used 14307K, committed 14656K, reserved 1048576K
}
Event: 32.980 GC heap before
{Heap before GC invocations=40 (full 0):
 garbage-first heap   total 262144K, used 205514K [0x00000006e0000000, 0x0000000800000000)
  region size 4096K, 22 young (90112K), 2 survivors (8192K)
 Metaspace       used 104955K, committed 105664K, reserved 1179648K
  class space    used 14312K, committed 14656K, reserved 1048576K
}
Event: 32.997 GC heap after
{Heap after GC invocations=41 (full 0):
 garbage-first heap   total 262144K, used 131260K [0x00000006e0000000, 0x0000000800000000)
  region size 4096K, 3 young (12288K), 3 survivors (12288K)
 Metaspace       used 104955K, committed 105664K, reserved 1179648K
  class space    used 14312K, committed 14656K, reserved 1048576K
}
Event: 33.904 GC heap before
{Heap before GC invocations=41 (full 0):
 garbage-first heap   total 262144K, used 209084K [0x00000006e0000000, 0x0000000800000000)
  region size 4096K, 22 young (90112K), 3 survivors (12288K)
 Metaspace       used 104991K, committed 105728K, reserved 1179648K
  class space    used 14312K, committed 14656K, reserved 1048576K
}
Event: 33.925 GC heap after
{Heap after GC invocations=42 (full 0):
 garbage-first heap   total 262144K, used 134162K [0x00000006e0000000, 0x0000000800000000)
  region size 4096K, 3 young (12288K), 3 survivors (12288K)
 Metaspace       used 104991K, committed 105728K, reserved 1179648K
  class space    used 14312K, committed 14656K, reserved 1048576K
}
Event: 34.990 GC heap before
{Heap before GC invocations=42 (full 0):
 garbage-first heap   total 262144K, used 207890K [0x00000006e0000000, 0x0000000800000000)
  region size 4096K, 22 young (90112K), 3 survivors (12288K)
 Metaspace       used 105151K, committed 105856K, reserved 1179648K
  class space    used 14326K, committed 14656K, reserved 1048576K
}

