# JRE version: OpenJDK Runtime Environment (17.0.7) (build 17.0.7+0-b2043.56-10550314)
# Java VM: OpenJDK 64-Bit Server VM (17.0.7+0-b2043.56-10550314, mixed mode, tiered, compressed oops, compressed class ptrs, g1 gc, windows-amd64)
GC Precious Log:
 CPUs: 8 total, 8 available
 Memory: 20263M
 Large Page Support: Disabled
 NUMA Support: Disabled
 Compressed Oops: Enabled (Zero based)
 Heap Region Size: 4M
 Heap Min Capacity: 8M
 Heap Initial Capacity: 320M
 Heap Max Capacity: 4608M
 Pre-touch: Disabled
 Parallel Workers: 8
 Concurrent Workers: 2
 Concurrent Refinement Workers: 8
 Periodic GC: Disabled
Heap:
 garbage-first heap   total 507904K, used 449732K [0x00000006e0000000, 0x0000000800000000)
  region size 4096K, 43 young (176128K), 2 survivors (8192K)
 Metaspace       used 129704K, committed 130624K, reserved 1179648K
  class space    used 17604K, committed 18048K, reserved 1048576K
GC Heap History (20 events):
Event: 35.943 GC heap before
{Heap before GC invocations=44 (full 0):
 garbage-first heap   total 253952K, used 189798K [0x00000006e0000000, 0x0000000800000000)
  region size 4096K, 19 young (77824K), 2 survivors (8192K)
 Metaspace       used 109174K, committed 109888K, reserved 1179648K
  class space    used 14686K, committed 15040K, reserved 1048576K
}
Event: 35.964 GC heap after
{Heap after GC invocations=45 (full 0):
 garbage-first heap   total 253952K, used 128039K [0x00000006e0000000, 0x0000000800000000)
  region size 4096K, 3 young (12288K), 3 survivors (12288K)
 Metaspace       used 109174K, committed 109888K, reserved 1179648K
  class space    used 14686K, committed 15040K, reserved 1048576K
}
Event: 37.877 GC heap before
{Heap before GC invocations=45 (full 0):
 garbage-first heap   total 253952K, used 193575K [0x00000006e0000000, 0x0000000800000000)
  region size 4096K, 20 young (81920K), 3 survivors (12288K)
 Metaspace       used 109341K, committed 110080K, reserved 1179648K
  class space    used 14698K, committed 15040K, reserved 1048576K
}
Event: 37.902 GC heap after
{Heap after GC invocations=46 (full 0):
 garbage-first heap   total 253952K, used 132141K [0x00000006e0000000, 0x0000000800000000)
  region size 4096K, 3 young (12288K), 3 survivors (12288K)
 Metaspace       used 109341K, committed 110080K, reserved 1179648K
  class space    used 14698K, committed 15040K, reserved 1048576K
}
Event: 40.285 GC heap before
{Heap before GC invocations=47 (full 0):
 garbage-first heap   total 253952K, used 201773K [0x00000006e0000000, 0x0000000800000000)
  region size 4096K, 20 young (81920K), 3 survivors (12288K)
 Metaspace       used 109642K, committed 110400K, reserved 1179648K
  class space    used 14730K, committed 15104K, reserved 1048576K
}
Event: 40.316 GC heap after
{Heap after GC invocations=48 (full 0):
 garbage-first heap   total 253952K, used 136682K [0x00000006e0000000, 0x0000000800000000)
  region size 4096K, 3 young (12288K), 3 survivors (12288K)
 Metaspace       used 109642K, committed 110400K, reserved 1179648K
  class space    used 14730K, committed 15104K, reserved 1048576K
}
Event: 40.372 GC heap before
{Heap before GC invocations=48 (full 0):
 garbage-first heap   total 253952K, used 140778K [0x00000006e0000000, 0x0000000800000000)
  region size 4096K, 4 young (16384K), 3 survivors (12288K)
 Metaspace       used 109642K, committed 110400K, reserved 1179648K
  class space    used 14730K, committed 15104K, reserved 1048576K
}
Event: 40.401 GC heap after
{Heap after GC invocations=49 (full 0):
 garbage-first heap   total 253952K, used 135229K [0x00000006e0000000, 0x0000000800000000)
  region size 4096K, 1 young (4096K), 1 survivors (4096K)
 Metaspace       used 109642K, committed 110400K, reserved 1179648K
  class space    used 14730K, committed 15104K, reserved 1048576K
}
Event: 42.741 GC heap before
{Heap before GC invocations=49 (full 0):
 garbage-first heap   total 253952K, used 200765K [0x00000006e0000000, 0x0000000800000000)
  region size 4096K, 17 young (69632K), 1 survivors (4096K)
 Metaspace       used 109906K, committed 110656K, reserved 1179648K
  class space    used 14749K, committed 15104K, reserved 1048576K
}
Event: 42.762 GC heap after
{Heap after GC invocations=50 (full 0):
 garbage-first heap   total 253952K, used 138696K [0x00000006e0000000, 0x0000000800000000)
  region size 4096K, 2 young (8192K), 2 survivors (8192K)
 Metaspace       used 109906K, committed 110656K, reserved 1179648K
  class space    used 14749K, committed 15104K, reserved 1048576K
}
Event: 46.020 GC heap before
{Heap before GC invocations=51 (full 0):
 garbage-first heap   total 253952K, used 200136K [0x00000006e0000000, 0x0000000800000000)
  region size 4096K, 17 young (69632K), 2 survivors (8192K)
 Metaspace       used 109929K, committed 110656K, reserved 1179648K
  class space    used 14749K, committed 15104K, reserved 1048576K
}
Event: 46.048 GC heap after
{Heap after GC invocations=52 (full 0):
 garbage-first heap   total 253952K, used 141380K [0x00000006e0000000, 0x0000000800000000)
  region size 4096K, 2 young (8192K), 2 survivors (8192K)
 Metaspace       used 109929K, committed 110656K, reserved 1179648K
  class space    used 14749K, committed 15104K, reserved 1048576K
}
Event: 46.231 GC heap before
{Heap before GC invocations=52 (full 0):
 garbage-first heap   total 253952K, used 145476K [0x00000006e0000000, 0x0000000800000000)
  region size 4096K, 3 young (12288K), 2 survivors (8192K)
 Metaspace       used 109929K, committed 110656K, reserved 1179648K
  class space    used 14749K, committed 15104K, reserved 1048576K
}
Event: 46.269 GC heap after
{Heap after GC invocations=53 (full 0):
 garbage-first heap   total 507904K, used 140619K [0x00000006e0000000, 0x0000000800000000)
  region size 4096K, 1 young (4096K), 1 survivors (4096K)
 Metaspace       used 109929K, committed 110656K, reserved 1179648K
  class space    used 14749K, committed 15104K, reserved 1048576K
}
Event: 54.623 GC heap before
{Heap before GC invocations=53 (full 0):
 garbage-first heap   total 507904K, used 402763K [0x00000006e0000000, 0x0000000800000000)
  region size 4096K, 66 young (270336K), 1 survivors (4096K)
 Metaspace       used 110571K, committed 111360K, reserved 1179648K
  class space    used 14843K, committed 15232K, reserved 1048576K
}
Event: 54.659 GC heap after
{Heap after GC invocations=54 (full 0):
 garbage-first heap   total 507904K, used 152723K [0x00000006e0000000, 0x0000000800000000)
  region size 4096K, 4 young (16384K), 4 survivors (16384K)
 Metaspace       used 110571K, committed 111360K, reserved 1179648K
  class space    used 14843K, committed 15232K, reserved 1048576K
}
Event: 60.235 GC heap before
{Heap before GC invocations=54 (full 0):
 garbage-first heap   total 507904K, used 332947K [0x00000006e0000000, 0x0000000800000000)
  region size 4096K, 34 young (139264K), 4 survivors (16384K)
 Metaspace       used 123071K, committed 123904K, reserved 1179648K
  class space    used 16752K, committed 17152K, reserved 1048576K
}
Event: 60.252 GC heap after
{Heap after GC invocations=55 (full 0):
 garbage-first heap   total 507904K, used 223182K [0x00000006e0000000, 0x0000000800000000)
  region size 4096K, 5 young (20480K), 5 survivors (20480K)
 Metaspace       used 123071K, committed 123904K, reserved 1179648K
  class space    used 16752K, committed 17152K, reserved 1048576K
}
Event: 60.367 GC heap before
{Heap before GC invocations=55 (full 0):
 garbage-first heap   total 507904K, used 243662K [0x00000006e0000000, 0x0000000800000000)
  region size 4096K, 6 young (24576K), 5 survivors (20480K)
 Metaspace       used 123127K, committed 124032K, reserved 1179648K
  class space    used 16759K, committed 17216K, reserved 1048576K
}
Event: 60.388 GC heap after
{Heap after GC invocations=56 (full 0):
 garbage-first heap   total 507904K, used 244932K [0x00000006e0000000, 0x0000000800000000)
  region size 4096K, 2 young (8192K), 2 survivors (8192K)
 Metaspace       used 123127K, committed 124032K, reserved 1179648K
  class space    used 16759K, committed 17216K, reserved 1048576K
}

