# JRE version: OpenJDK Runtime Environment (17.0.7) (build 17.0.7+0-b2043.56-10550314)
# Java VM: OpenJDK 64-Bit Server VM (17.0.7+0-b2043.56-10550314, mixed mode, tiered, compressed oops, compressed class ptrs, g1 gc, windows-amd64)
GC Precious Log:
 CPUs: 8 total, 8 available
 Memory: 20263M
 Large Page Support: Disabled
 NUMA Support: Disabled
 Compressed Oops: Enabled (Zero based)
 Heap Region Size: 4M
 Heap Min Capacity: 8M
 Heap Initial Capacity: 320M
 Heap Max Capacity: 4608M
 Pre-touch: Disabled
 Parallel Workers: 8
 Concurrent Workers: 2
 Concurrent Refinement Workers: 8
 Periodic GC: Disabled
Heap:
 garbage-first heap   total 462848K, used 197546K [0x00000006e0000000, 0x0000000800000000)
  region size 4096K, 1 young (4096K), 1 survivors (4096K)
 Metaspace       used 126058K, committed 126976K, reserved 1179648K
  class space    used 17647K, committed 18048K, reserved 1048576K
GC Heap History (20 events):
Event: 38.294 GC heap after
{Heap after GC invocations=49 (full 0):
 garbage-first heap   total 311296K, used 182749K [0x00000006e0000000, 0x0000000800000000)
  region size 4096K, 2 young (8192K), 2 survivors (8192K)
 Metaspace       used 120847K, committed 121664K, reserved 1179648K
  class space    used 17037K, committed 17408K, reserved 1048576K
}
Event: 38.975 GC heap before
{Heap before GC invocations=49 (full 0):
 garbage-first heap   total 311296K, used 248285K [0x00000006e0000000, 0x0000000800000000)
  region size 4096K, 19 young (77824K), 2 survivors (8192K)
 Metaspace       used 122886K, committed 123776K, reserved 1179648K
  class space    used 17305K, committed 17728K, reserved 1048576K
}
Event: 38.986 GC heap after
{Heap after GC invocations=50 (full 0):
 garbage-first heap   total 385024K, used 181459K [0x00000006e0000000, 0x0000000800000000)
  region size 4096K, 2 young (8192K), 2 survivors (8192K)
 Metaspace       used 122886K, committed 123776K, reserved 1179648K
  class space    used 17305K, committed 17728K, reserved 1048576K
}
Event: 39.606 GC heap before
{Heap before GC invocations=50 (full 0):
 garbage-first heap   total 385024K, used 308435K [0x00000006e0000000, 0x0000000800000000)
  region size 4096K, 33 young (135168K), 2 survivors (8192K)
 Metaspace       used 124170K, committed 124992K, reserved 1179648K
  class space    used 17472K, committed 17856K, reserved 1048576K
}
Event: 39.615 GC heap after
{Heap after GC invocations=51 (full 0):
 garbage-first heap   total 385024K, used 187235K [0x00000006e0000000, 0x0000000800000000)
  region size 4096K, 3 young (12288K), 3 survivors (12288K)
 Metaspace       used 124170K, committed 124992K, reserved 1179648K
  class space    used 17472K, committed 17856K, reserved 1048576K
}
Event: 40.125 GC heap before
{Heap before GC invocations=51 (full 0):
 garbage-first heap   total 385024K, used 314211K [0x00000006e0000000, 0x0000000800000000)
  region size 4096K, 34 young (139264K), 3 survivors (12288K)
 Metaspace       used 124978K, committed 125824K, reserved 1179648K
  class space    used 17570K, committed 17984K, reserved 1048576K
}
Event: 40.138 GC heap after
{Heap after GC invocations=52 (full 0):
 garbage-first heap   total 385024K, used 187280K [0x00000006e0000000, 0x0000000800000000)
  region size 4096K, 2 young (8192K), 2 survivors (8192K)
 Metaspace       used 124978K, committed 125824K, reserved 1179648K
  class space    used 17570K, committed 17984K, reserved 1048576K
}
Event: 40.509 GC heap before
{Heap before GC invocations=52 (full 0):
 garbage-first heap   total 385024K, used 318352K [0x00000006e0000000, 0x0000000800000000)
  region size 4096K, 34 young (139264K), 2 survivors (8192K)
 Metaspace       used 125291K, committed 126144K, reserved 1179648K
  class space    used 17571K, committed 17984K, reserved 1048576K
}
Event: 40.520 GC heap after
{Heap after GC invocations=53 (full 0):
 garbage-first heap   total 385024K, used 189895K [0x00000006e0000000, 0x0000000800000000)
  region size 4096K, 3 young (12288K), 3 survivors (12288K)
 Metaspace       used 125291K, committed 126144K, reserved 1179648K
  class space    used 17571K, committed 17984K, reserved 1048576K
}
Event: 40.803 GC heap before
{Heap before GC invocations=53 (full 0):
 garbage-first heap   total 385024K, used 320967K [0x00000006e0000000, 0x0000000800000000)
  region size 4096K, 35 young (143360K), 3 survivors (12288K)
 Metaspace       used 125468K, committed 126272K, reserved 1179648K
  class space    used 17590K, committed 17984K, reserved 1048576K
}
Event: 40.816 GC heap after
{Heap after GC invocations=54 (full 0):
 garbage-first heap   total 462848K, used 193301K [0x00000006e0000000, 0x0000000800000000)
  region size 4096K, 4 young (16384K), 4 survivors (16384K)
 Metaspace       used 125468K, committed 126272K, reserved 1179648K
  class space    used 17590K, committed 17984K, reserved 1048576K
}
Event: 41.222 GC heap before
{Heap before GC invocations=54 (full 0):
 garbage-first heap   total 462848K, used 389909K [0x00000006e0000000, 0x0000000800000000)
  region size 4096K, 52 young (212992K), 4 survivors (16384K)
 Metaspace       used 125561K, committed 126464K, reserved 1179648K
  class space    used 17593K, committed 17984K, reserved 1048576K
}
Event: 41.234 GC heap after
{Heap after GC invocations=55 (full 0):
 garbage-first heap   total 462848K, used 192815K [0x00000006e0000000, 0x0000000800000000)
  region size 4096K, 4 young (16384K), 4 survivors (16384K)
 Metaspace       used 125561K, committed 126464K, reserved 1179648K
  class space    used 17593K, committed 17984K, reserved 1048576K
}
Event: 41.417 GC heap before
{Heap before GC invocations=55 (full 0):
 garbage-first heap   total 462848K, used 266543K [0x00000006e0000000, 0x0000000800000000)
  region size 4096K, 23 young (94208K), 4 survivors (16384K)
 Metaspace       used 125852K, committed 126720K, reserved 1179648K
  class space    used 17638K, committed 18048K, reserved 1048576K
}
Event: 41.432 GC heap after
{Heap after GC invocations=56 (full 0):
 garbage-first heap   total 462848K, used 194658K [0x00000006e0000000, 0x0000000800000000)
  region size 4096K, 4 young (16384K), 4 survivors (16384K)
 Metaspace       used 125852K, committed 126720K, reserved 1179648K
  class space    used 17638K, committed 18048K, reserved 1048576K
}
Event: 42.200 GC heap before
{Heap before GC invocations=57 (full 0):
 garbage-first heap   total 462848K, used 387170K [0x00000006e0000000, 0x0000000800000000)
  region size 4096K, 52 young (212992K), 4 survivors (16384K)
 Metaspace       used 126026K, committed 126976K, reserved 1179648K
  class space    used 17640K, committed 18048K, reserved 1048576K
}
Event: 42.218 GC heap after
{Heap after GC invocations=58 (full 0):
 garbage-first heap   total 462848K, used 197760K [0x00000006e0000000, 0x0000000800000000)
  region size 4096K, 5 young (20480K), 5 survivors (20480K)
 Metaspace       used 126026K, committed 126976K, reserved 1179648K
  class space    used 17640K, committed 18048K, reserved 1048576K
}
Event: 42.226 GC heap before
{Heap before GC invocations=58 (full 0):
 garbage-first heap   total 462848K, used 201856K [0x00000006e0000000, 0x0000000800000000)
  region size 4096K, 6 young (24576K), 5 survivors (20480K)
 Metaspace       used 126026K, committed 126976K, reserved 1179648K
  class space    used 17640K, committed 18048K, reserved 1048576K
}
Event: 42.241 GC heap after
{Heap after GC invocations=59 (full 0):
 garbage-first heap   total 462848K, used 196243K [0x00000006e0000000, 0x0000000800000000)
  region size 4096K, 1 young (4096K), 1 survivors (4096K)
 Metaspace       used 126026K, committed 126976K, reserved 1179648K
  class space    used 17640K, committed 18048K, reserved 1048576K
}
Event: 42.838 GC heap before
{Heap before GC invocations=59 (full 0):
 garbage-first heap   total 462848K, used 388755K [0x00000006e0000000, 0x0000000800000000)
  region size 4096K, 48 young (196608K), 1 survivors (4096K)
 Metaspace       used 126058K, committed 126976K, reserved 1179648K
  class space    used 17647K, committed 18048K, reserved 1048576K
}

