# JRE version: OpenJDK Runtime Environment (17.0.7) (build 17.0.7+0-b2043.56-10550314)
# Java VM: OpenJDK 64-Bit Server VM (17.0.7+0-b2043.56-10550314, mixed mode, tiered, compressed oops, compressed class ptrs, g1 gc, windows-amd64)
GC Precious Log:
 CPUs: 8 total, 8 available
 Memory: 20263M
 Large Page Support: Disabled
 NUMA Support: Disabled
 Compressed Oops: Enabled (Zero based)
 Heap Region Size: 4M
 Heap Min Capacity: 8M
 Heap Initial Capacity: 320M
 Heap Max Capacity: 4608M
 Pre-touch: Disabled
 Parallel Workers: 8
 Concurrent Workers: 2
 Concurrent Refinement Workers: 8
 Periodic GC: Disabled
Heap:
 garbage-first heap   total 585728K, used 252490K [0x00000006e0000000, 0x0000000800000000)
  region size 4096K, 10 young (40960K), 1 survivors (4096K)
 Metaspace       used 147866K, committed 149184K, reserved 1179648K
  class space    used 19996K, committed 20672K, reserved 1048576K
GC Heap History (20 events):
Event: 301.902 GC heap before
{Heap before GC invocations=66 (full 0):
 garbage-first heap   total 585728K, used 490613K [0x00000006e0000000, 0x0000000800000000)
  region size 4096K, 66 young (270336K), 6 survivors (24576K)
 Metaspace       used 141950K, committed 142976K, reserved 1179648K
  class space    used 19309K, committed 19776K, reserved 1048576K
}
Event: 301.916 GC heap after
{Heap after GC invocations=67 (full 0):
 garbage-first heap   total 585728K, used 250585K [0x00000006e0000000, 0x0000000800000000)
  region size 4096K, 6 young (24576K), 6 survivors (24576K)
 Metaspace       used 141950K, committed 142976K, reserved 1179648K
  class space    used 19309K, committed 19776K, reserved 1048576K
}
Event: 551.240 GC heap before
{Heap before GC invocations=67 (full 0):
 garbage-first heap   total 585728K, used 492249K [0x00000006e0000000, 0x0000000800000000)
  region size 4096K, 66 young (270336K), 6 survivors (24576K)
 Metaspace       used 144955K, committed 146048K, reserved 1179648K
  class space    used 19722K, committed 20288K, reserved 1048576K
}
Event: 551.250 GC heap after
{Heap after GC invocations=68 (full 0):
 garbage-first heap   total 585728K, used 248062K [0x00000006e0000000, 0x0000000800000000)
  region size 4096K, 5 young (20480K), 5 survivors (20480K)
 Metaspace       used 144955K, committed 146048K, reserved 1179648K
  class space    used 19722K, committed 20288K, reserved 1048576K
}
Event: 967.235 GC heap before
{Heap before GC invocations=68 (full 0):
 garbage-first heap   total 585728K, used 493822K [0x00000006e0000000, 0x0000000800000000)
  region size 4096K, 65 young (266240K), 5 survivors (20480K)
 Metaspace       used 145726K, committed 147008K, reserved 1179648K
  class space    used 19787K, committed 20416K, reserved 1048576K
}
Event: 967.255 GC heap after
{Heap after GC invocations=69 (full 0):
 garbage-first heap   total 585728K, used 253748K [0x00000006e0000000, 0x0000000800000000)
  region size 4096K, 6 young (24576K), 6 survivors (24576K)
 Metaspace       used 145726K, committed 147008K, reserved 1179648K
  class space    used 19787K, committed 20416K, reserved 1048576K
}
Event: 973.129 GC heap before
{Heap before GC invocations=69 (full 0):
 garbage-first heap   total 585728K, used 491316K [0x00000006e0000000, 0x0000000800000000)
  region size 4096K, 65 young (266240K), 6 survivors (24576K)
 Metaspace       used 146983K, committed 148160K, reserved 1179648K
  class space    used 19940K, committed 20544K, reserved 1048576K
}
Event: 973.157 GC heap after
{Heap after GC invocations=70 (full 0):
 garbage-first heap   total 585728K, used 275872K [0x00000006e0000000, 0x0000000800000000)
  region size 4096K, 9 young (36864K), 9 survivors (36864K)
 Metaspace       used 146983K, committed 148160K, reserved 1179648K
  class space    used 19940K, committed 20544K, reserved 1048576K
}
Event: 974.631 GC heap before
{Heap before GC invocations=70 (full 0):
 garbage-first heap   total 585728K, used 480672K [0x00000006e0000000, 0x0000000800000000)
  region size 4096K, 60 young (245760K), 9 survivors (36864K)
 Metaspace       used 147493K, committed 148736K, reserved 1179648K
  class space    used 19990K, committed 20608K, reserved 1048576K
}
Event: 974.662 GC heap after
{Heap after GC invocations=71 (full 0):
 garbage-first heap   total 585728K, used 303037K [0x00000006e0000000, 0x0000000800000000)
  region size 4096K, 7 young (28672K), 7 survivors (28672K)
 Metaspace       used 147493K, committed 148736K, reserved 1179648K
  class space    used 19990K, committed 20608K, reserved 1048576K
}
Event: 1135.101 GC heap before
{Heap before GC invocations=71 (full 0):
 garbage-first heap   total 585728K, used 470973K [0x00000006e0000000, 0x0000000800000000)
  region size 4096K, 49 young (200704K), 7 survivors (28672K)
 Metaspace       used 147815K, committed 149056K, reserved 1179648K
  class space    used 20013K, committed 20608K, reserved 1048576K
}
Event: 1135.113 GC heap after
{Heap after GC invocations=72 (full 0):
 garbage-first heap   total 585728K, used 300182K [0x00000006e0000000, 0x0000000800000000)
  region size 4096K, 4 young (16384K), 4 survivors (16384K)
 Metaspace       used 147815K, committed 149056K, reserved 1179648K
  class space    used 20013K, committed 20608K, reserved 1048576K
}
Event: 1136.019 GC heap before
{Heap before GC invocations=72 (full 0):
 garbage-first heap   total 585728K, used 316566K [0x00000006e0000000, 0x0000000800000000)
  region size 4096K, 9 young (36864K), 4 survivors (16384K)
 Metaspace       used 147861K, committed 149120K, reserved 1179648K
  class space    used 20016K, committed 20672K, reserved 1048576K
}
Event: 1136.029 GC heap after
{Heap after GC invocations=73 (full 0):
 garbage-first heap   total 585728K, used 303853K [0x00000006e0000000, 0x0000000800000000)
  region size 4096K, 1 young (4096K), 1 survivors (4096K)
 Metaspace       used 147861K, committed 149120K, reserved 1179648K
  class space    used 20016K, committed 20672K, reserved 1048576K
}
Event: 1139.384 GC heap before
{Heap before GC invocations=74 (full 0):
 garbage-first heap   total 585728K, used 471789K [0x00000006e0000000, 0x0000000800000000)
  region size 4096K, 44 young (180224K), 1 survivors (4096K)
 Metaspace       used 147841K, committed 149184K, reserved 1179648K
  class space    used 19993K, committed 20672K, reserved 1048576K
}
Event: 1139.394 GC heap after
{Heap after GC invocations=75 (full 0):
 garbage-first heap   total 585728K, used 308254K [0x00000006e0000000, 0x0000000800000000)
  region size 4096K, 3 young (12288K), 3 survivors (12288K)
 Metaspace       used 147841K, committed 149184K, reserved 1179648K
  class space    used 19993K, committed 20672K, reserved 1048576K
}
Event: 1139.528 GC heap before
{Heap before GC invocations=75 (full 0):
 garbage-first heap   total 585728K, used 324638K [0x00000006e0000000, 0x0000000800000000)
  region size 4096K, 7 young (28672K), 3 survivors (12288K)
 Metaspace       used 147846K, committed 149184K, reserved 1179648K
  class space    used 19994K, committed 20672K, reserved 1048576K
}
Event: 1139.539 GC heap after
{Heap after GC invocations=76 (full 0):
 garbage-first heap   total 585728K, used 250314K [0x00000006e0000000, 0x0000000800000000)
  region size 4096K, 1 young (4096K), 1 survivors (4096K)
 Metaspace       used 147846K, committed 149184K, reserved 1179648K
  class space    used 19994K, committed 20672K, reserved 1048576K
}
Event: 1139.671 GC heap before
{Heap before GC invocations=76 (full 0):
 garbage-first heap   total 585728K, used 270794K [0x00000006e0000000, 0x0000000800000000)
  region size 4096K, 7 young (28672K), 1 survivors (4096K)
 Metaspace       used 147862K, committed 149184K, reserved 1179648K
  class space    used 19996K, committed 20672K, reserved 1048576K
}
Event: 1139.682 GC heap after
{Heap after GC invocations=77 (full 0):
 garbage-first heap   total 585728K, used 223818K [0x00000006e0000000, 0x0000000800000000)
  region size 4096K, 1 young (4096K), 1 survivors (4096K)
 Metaspace       used 147862K, committed 149184K, reserved 1179648K
  class space    used 19996K, committed 20672K, reserved 1048576K
}

